[2023-02-06 17:18:12.012] [org.springframework.boot.StartupInfoLogger] [main] [55] [INFO ] Starting DubboXmlConsumerApplication using Java 1.8.0_221 on LucydeMacBook-Pro.local with PID 78761 (/Users/zl/Documents/DEV/github/demo-dubbo3x/target/classes started by zl in /Users/zl/Documents/DEV/github/demo-dubbo3x)
[2023-02-06 17:18:12.012] [org.springframework.boot.SpringApplication] [main] [645] [INFO ] No active profile set, falling back to 1 default profile: "default"
[2023-02-06 17:18:17.017] [org.springframework.boot.web.embedded.tomcat.TomcatWebServer] [main] [108] [INFO ] Tomcat initialized with port(s): 0 (http)
[2023-02-06 17:18:17.017] [org.apache.juli.logging.DirectJDKLog] [main] [173] [INFO ] Initializing ProtocolHandler ["http-nio-auto-1"]
[2023-02-06 17:18:17.017] [org.apache.juli.logging.DirectJDKLog] [main] [173] [INFO ] Starting service [Tomcat]
[2023-02-06 17:18:18.018] [org.apache.juli.logging.DirectJDKLog] [main] [173] [INFO ] Starting Servlet engine: [Apache Tomcat/9.0.65]
[2023-02-06 17:18:18.018] [org.apache.juli.logging.DirectJDKLog] [main] [173] [INFO ] Initializing Spring embedded WebApplicationContext
[2023-02-06 17:18:18.018] [org.springframework.boot.web.servlet.context.ServletWebServerApplicationContext] [main] [290] [INFO ] Root WebApplicationContext: initialization completed in 5815 ms
[2023-02-06 17:18:19.019] [org.apache.curator.utils.Compatibility] [main] [48] [INFO ] Running in ZooKeeper 3.4.x compatibility mode
[2023-02-06 17:18:19.019] [org.apache.curator.utils.Compatibility] [main] [61] [INFO ] Using emulated InjectSessionExpiration
[2023-02-06 17:18:19.019] [org.apache.curator.framework.imps.CuratorFrameworkImpl] [main] [308] [INFO ] Starting
[2023-02-06 17:18:19.019] [org.apache.zookeeper.Environment] [main] [100] [INFO ] Client environment:zookeeper.version=3.4.14-4c25d480e66aadd371de8bd2fd8da255ac140bcf, built on 03/06/2019 16:18 GMT
[2023-02-06 17:18:19.019] [org.apache.zookeeper.Environment] [main] [100] [INFO ] Client environment:host.name=localhost
[2023-02-06 17:18:19.019] [org.apache.zookeeper.Environment] [main] [100] [INFO ] Client environment:java.version=1.8.0_221
[2023-02-06 17:18:19.019] [org.apache.zookeeper.Environment] [main] [100] [INFO ] Client environment:java.vendor=Oracle Corporation
[2023-02-06 17:18:19.019] [org.apache.zookeeper.Environment] [main] [100] [INFO ] Client environment:java.home=/Library/Java/JavaVirtualMachines/jdk1.8.0_221.jdk/Contents/Home/jre
[2023-02-06 17:18:19.019] [org.apache.zookeeper.Environment] [main] [100] [INFO ] Client environment:java.class.path=/Library/Java/JavaVirtualMachines/jdk1.8.0_221.jdk/Contents/Home/jre/lib/charsets.jar:/Library/Java/JavaVirtualMachines/jdk1.8.0_221.jdk/Contents/Home/jre/lib/deploy.jar:/Library/Java/JavaVirtualMachines/jdk1.8.0_221.jdk/Contents/Home/jre/lib/ext/cldrdata.jar:/Library/Java/JavaVirtualMachines/jdk1.8.0_221.jdk/Contents/Home/jre/lib/ext/dnsns.jar:/Library/Java/JavaVirtualMachines/jdk1.8.0_221.jdk/Contents/Home/jre/lib/ext/jaccess.jar:/Library/Java/JavaVirtualMachines/jdk1.8.0_221.jdk/Contents/Home/jre/lib/ext/jfxrt.jar:/Library/Java/JavaVirtualMachines/jdk1.8.0_221.jdk/Contents/Home/jre/lib/ext/localedata.jar:/Library/Java/JavaVirtualMachines/jdk1.8.0_221.jdk/Contents/Home/jre/lib/ext/nashorn.jar:/Library/Java/JavaVirtualMachines/jdk1.8.0_221.jdk/Contents/Home/jre/lib/ext/sunec.jar:/Library/Java/JavaVirtualMachines/jdk1.8.0_221.jdk/Contents/Home/jre/lib/ext/sunjce_provider.jar:/Library/Java/JavaVirtualMachines/jdk1.8.0_221.jdk/Contents/Home/jre/lib/ext/sunpkcs11.jar:/Library/Java/JavaVirtualMachines/jdk1.8.0_221.jdk/Contents/Home/jre/lib/ext/zipfs.jar:/Library/Java/JavaVirtualMachines/jdk1.8.0_221.jdk/Contents/Home/jre/lib/javaws.jar:/Library/Java/JavaVirtualMachines/jdk1.8.0_221.jdk/Contents/Home/jre/lib/jce.jar:/Library/Java/JavaVirtualMachines/jdk1.8.0_221.jdk/Contents/Home/jre/lib/jfr.jar:/Library/Java/JavaVirtualMachines/jdk1.8.0_221.jdk/Contents/Home/jre/lib/jfxswt.jar:/Library/Java/JavaVirtualMachines/jdk1.8.0_221.jdk/Contents/Home/jre/lib/jsse.jar:/Library/Java/JavaVirtualMachines/jdk1.8.0_221.jdk/Contents/Home/jre/lib/management-agent.jar:/Library/Java/JavaVirtualMachines/jdk1.8.0_221.jdk/Contents/Home/jre/lib/plugin.jar:/Library/Java/JavaVirtualMachines/jdk1.8.0_221.jdk/Contents/Home/jre/lib/resources.jar:/Library/Java/JavaVirtualMachines/jdk1.8.0_221.jdk/Contents/Home/jre/lib/rt.jar:/Library/Java/JavaVirtualMachines/jdk1.8.0_221.jdk/Contents/Home/lib/ant-javafx.jar:/Library/Java/JavaVirtualMachines/jdk1.8.0_221.jdk/Contents/Home/lib/dt.jar:/Library/Java/JavaVirtualMachines/jdk1.8.0_221.jdk/Contents/Home/lib/javafx-mx.jar:/Library/Java/JavaVirtualMachines/jdk1.8.0_221.jdk/Contents/Home/lib/jconsole.jar:/Library/Java/JavaVirtualMachines/jdk1.8.0_221.jdk/Contents/Home/lib/packager.jar:/Library/Java/JavaVirtualMachines/jdk1.8.0_221.jdk/Contents/Home/lib/sa-jdi.jar:/Library/Java/JavaVirtualMachines/jdk1.8.0_221.jdk/Contents/Home/lib/tools.jar:/Users/zl/Documents/DEV/github/demo-dubbo3x/target/classes:/Users/zl/.m2/repository/org/apache/dubbo/dubbo/3.1.4/dubbo-3.1.4.jar:/Users/zl/.m2/repository/org/springframework/spring-context/5.3.22/spring-context-5.3.22.jar:/Users/zl/.m2/repository/org/springframework/spring-aop/5.3.22/spring-aop-5.3.22.jar:/Users/zl/.m2/repository/org/springframework/spring-beans/5.3.22/spring-beans-5.3.22.jar:/Users/zl/.m2/repository/org/springframework/spring-expression/5.3.22/spring-expression-5.3.22.jar:/Users/zl/.m2/repository/com/alibaba/spring/spring-context-support/1.0.8/spring-context-support-1.0.8.jar:/Users/zl/.m2/repository/org/javassist/javassist/3.28.0-GA/javassist-3.28.0-GA.jar:/Users/zl/.m2/repository/io/netty/netty-all/4.1.79.Final/netty-all-4.1.79.Final.jar:/Users/zl/.m2/repository/io/netty/netty-buffer/4.1.79.Final/netty-buffer-4.1.79.Final.jar:/Users/zl/.m2/repository/io/netty/netty-codec/4.1.79.Final/netty-codec-4.1.79.Final.jar:/Users/zl/.m2/repository/io/netty/netty-codec-dns/4.1.79.Final/netty-codec-dns-4.1.79.Final.jar:/Users/zl/.m2/repository/io/netty/netty-codec-haproxy/4.1.79.Final/netty-codec-haproxy-4.1.79.Final.jar:/Users/zl/.m2/repository/io/netty/netty-codec-http/4.1.79.Final/netty-codec-http-4.1.79.Final.jar:/Users/zl/.m2/repository/io/netty/netty-codec-http2/4.1.79.Final/netty-codec-http2-4.1.79.Final.jar:/Users/zl/.m2/repository/io/netty/netty-codec-memcache/4.1.79.Final/netty-codec-memcache-4.1.79.Final.jar:/Users/zl/.m2/repository/io/netty/netty-codec-mqtt/4.1.79.Final/netty-codec-mqtt-4.1.79.Final.jar:/Users/zl/.m2/repository/io/netty/netty-codec-redis/4.1.79.Final/netty-codec-redis-4.1.79.Final.jar:/Users/zl/.m2/repository/io/netty/netty-codec-smtp/4.1.79.Final/netty-codec-smtp-4.1.79.Final.jar:/Users/zl/.m2/repository/io/netty/netty-codec-socks/4.1.79.Final/netty-codec-socks-4.1.79.Final.jar:/Users/zl/.m2/repository/io/netty/netty-codec-stomp/4.1.79.Final/netty-codec-stomp-4.1.79.Final.jar:/Users/zl/.m2/repository/io/netty/netty-codec-xml/4.1.79.Final/netty-codec-xml-4.1.79.Final.jar:/Users/zl/.m2/repository/io/netty/netty-common/4.1.79.Final/netty-common-4.1.79.Final.jar:/Users/zl/.m2/repository/io/netty/netty-handler/4.1.79.Final/netty-handler-4.1.79.Final.jar:/Users/zl/.m2/repository/io/netty/netty-transport-native-unix-common/4.1.79.Final/netty-transport-native-unix-common-4.1.79.Final.jar:/Users/zl/.m2/repository/io/netty/netty-handler-proxy/4.1.79.Final/netty-handler-proxy-4.1.79.Final.jar:/Users/zl/.m2/repository/io/netty/netty-resolver/4.1.79.Final/netty-resolver-4.1.79.Final.jar:/Users/zl/.m2/repository/io/netty/netty-resolver-dns/4.1.79.Final/netty-resolver-dns-4.1.79.Final.jar:/Users/zl/.m2/repository/io/netty/netty-transport/4.1.79.Final/netty-transport-4.1.79.Final.jar:/Users/zl/.m2/repository/io/netty/netty-transport-rxtx/4.1.79.Final/netty-transport-rxtx-4.1.79.Final.jar:/Users/zl/.m2/repository/io/netty/netty-transport-sctp/4.1.79.Final/netty-transport-sctp-4.1.79.Final.jar:/Users/zl/.m2/repository/io/netty/netty-transport-udt/4.1.79.Final/netty-transport-udt-4.1.79.Final.jar:/Users/zl/.m2/repository/io/netty/netty-transport-classes-epoll/4.1.79.Final/netty-transport-classes-epoll-4.1.79.Final.jar:/Users/zl/.m2/repository/io/netty/netty-transport-classes-kqueue/4.1.79.Final/netty-transport-classes-kqueue-4.1.79.Final.jar:/Users/zl/.m2/repository/io/netty/netty-resolver-dns-classes-macos/4.1.79.Final/netty-resolver-dns-classes-macos-4.1.79.Final.jar:/Users/zl/.m2/repository/io/netty/netty-transport-native-epoll/4.1.79.Final/netty-transport-native-epoll-4.1.79.Final-linux-x86_64.jar:/Users/zl/.m2/repository/io/netty/netty-transport-native-epoll/4.1.79.Final/netty-transport-native-epoll-4.1.79.Final-linux-aarch_64.jar:/Users/zl/.m2/repository/io/netty/netty-transport-native-kqueue/4.1.79.Final/netty-transport-native-kqueue-4.1.79.Final-osx-x86_64.jar:/Users/zl/.m2/repository/io/netty/netty-transport-native-kqueue/4.1.79.Final/netty-transport-native-kqueue-4.1.79.Final-osx-aarch_64.jar:/Users/zl/.m2/repository/io/netty/netty-resolver-dns-native-macos/4.1.79.Final/netty-resolver-dns-native-macos-4.1.79.Final-osx-x86_64.jar:/Users/zl/.m2/repository/io/netty/netty-resolver-dns-native-macos/4.1.79.Final/netty-resolver-dns-native-macos-4.1.79.Final-osx-aarch_64.jar:/Users/zl/.m2/repository/org/yaml/snakeyaml/1.29/snakeyaml-1.29.jar:/Users/zl/.m2/repository/com/alibaba/fastjson/1.2.83/fastjson-1.2.83.jar:/Users/zl/.m2/repository/com/alibaba/fastjson2/fastjson2/2.0.21/fastjson2-2.0.21.jar:/Users/zl/.m2/repository/org/apache/curator/curator-x-discovery/4.2.0/curator-x-discovery-4.2.0.jar:/Users/zl/.m2/repository/org/apache/curator/curator-recipes/4.2.0/curator-recipes-4.2.0.jar:/Users/zl/.m2/repository/org/apache/curator/curator-framework/4.2.0/curator-framework-4.2.0.jar:/Users/zl/.m2/repository/org/apache/curator/curator-client/4.2.0/curator-client-4.2.0.jar:/Users/zl/.m2/repository/com/google/guava/guava/27.0.1-jre/guava-27.0.1-jre.jar:/Users/zl/.m2/repository/com/google/guava/failureaccess/1.0.1/failureaccess-1.0.1.jar:/Users/zl/.m2/repository/com/google/guava/listenablefuture/9999.0-empty-to-avoid-conflict-with-guava/listenablefuture-9999.0-empty-to-avoid-conflict-with-guava.jar:/Users/zl/.m2/repository/org/checkerframework/checker-qual/2.5.2/checker-qual-2.5.2.jar:/Users/zl/.m2/repository/com/google/errorprone/error_prone_annotations/2.2.0/error_prone_annotations-2.2.0.jar:/Users/zl/.m2/repository/com/google/j2objc/j2objc-annotations/1.1/j2objc-annotations-1.1.jar:/Users/zl/.m2/repository/org/codehaus/mojo/animal-sniffer-annotations/1.17/animal-sniffer-annotations-1.17.jar:/Users/zl/.m2/repository/com/fasterxml/jackson/core/jackson-databind/2.13.3/jackson-databind-2.13.3.jar:/Users/zl/.m2/repository/com/fasterxml/jackson/core/jackson-annotations/2.13.3/jackson-annotations-2.13.3.jar:/Users/zl/.m2/repository/com/fasterxml/jackson/core/jackson-core/2.13.3/jackson-core-2.13.3.jar:/Users/zl/.m2/repository/org/apache/zookeeper/zookeeper/3.4.14/zookeeper-3.4.14.jar:/Users/zl/.m2/repository/org/slf4j/slf4j-api/1.7.7/slf4j-api-1.7.7.jar:/Users/zl/.m2/repository/com/github/spotbugs/spotbugs-annotations/3.1.9/spotbugs-annotations-3.1.9.jar:/Users/zl/.m2/repository/com/google/code/findbugs/jsr305/3.0.2/jsr305-3.0.2.jar:/Users/zl/.m2/repository/log4j/log4j/1.2.17/log4j-1.2.17.jar:/Users/zl/.m2/repository/jline/jline/0.9.94/jline-0.9.94.jar:/Users/zl/.m2/repository/org/apache/yetus/audience-annotations/0.5.0/audience-annotations-0.5.0.jar:/Users/zl/.m2/repository/io/netty/netty/3.10.6.Final/netty-3.10.6.Final.jar:/Users/zl/.m2/repository/org/springframework/boot/spring-boot-starter-web/2.6.11/spring-boot-starter-web-2.6.11.jar:/Users/zl/.m2/repository/org/springframework/boot/spring-boot-starter/2.6.11/spring-boot-starter-2.6.11.jar:/Users/zl/.m2/repository/org/springframework/boot/spring-boot/2.6.11/spring-boot-2.6.11.jar:/Users/zl/.m2/repository/org/springframework/boot/spring-boot-autoconfigure/2.6.11/spring-boot-autoconfigure-2.6.11.jar:/Users/zl/.m2/repository/org/springframework/boot/spring-boot-starter-logging/2.6.11/spring-boot-starter-logging-2.6.11.jar:/Users/zl/.m2/repository/ch/qos/logback/logback-classic/1.2.11/logback-classic-1.2.11.jar:/Users/zl/.m2/repository/ch/qos/logback/logback-core/1.2.11/logback-core-1.2.11.jar:/Users/zl/.m2/repository/org/apache/logging/log4j/log4j-to-slf4j/2.17.2/log4j-to-slf4j-2.17.2.jar:/Users/zl/.m2/repository/org/apache/logging/log4j/log4j-api/2.17.2/log4j-api-2.17.2.jar:/Users/zl/.m2/repository/org/slf4j/jul-to-slf4j/1.7.7/jul-to-slf4j-1.7.7.jar:/Users/zl/.m2/repository/jakarta/annotation/jakarta.annotation-api/1.3.5/jakarta.annotation-api-1.3.5.jar:/Users/zl/.m2/repository/org/springframework/boot/spring-boot-starter-json/2.6.11/spring-boot-starter-json-2.6.11.jar:/Users/zl/.m2/repository/com/fasterxml/jackson/datatype/jackson-datatype-jdk8/2.13.3/jackson-datatype-jdk8-2.13.3.jar:/Users/zl/.m2/repository/com/fasterxml/jackson/datatype/jackson-datatype-jsr310/2.13.3/jackson-datatype-jsr310-2.13.3.jar:/Users/zl/.m2/repository/com/fasterxml/jackson/module/jackson-module-parameter-names/2.13.3/jackson-module-parameter-names-2.13.3.jar:/Users/zl/.m2/repository/org/springframework/boot/spring-boot-starter-tomcat/2.6.11/spring-boot-starter-tomcat-2.6.11.jar:/Users/zl/.m2/repository/org/apache/tomcat/embed/tomcat-embed-core/9.0.65/tomcat-embed-core-9.0.65.jar:/Users/zl/.m2/repository/org/apache/tomcat/embed/tomcat-embed-el/9.0.65/tomcat-embed-el-9.0.65.jar:/Users/zl/.m2/repository/org/apache/tomcat/embed/tomcat-embed-websocket/9.0.65/tomcat-embed-websocket-9.0.65.jar:/Users/zl/.m2/repository/org/springframework/spring-web/5.3.22/spring-web-5.3.22.jar:/Users/zl/.m2/repository/org/springframework/spring-webmvc/5.3.22/spring-webmvc-5.3.22.jar:/Users/zl/.m2/repository/com/google/code/gson/gson/2.8.5/gson-2.8.5.jar:/Users/zl/.m2/repository/commons-io/commons-io/2.6/commons-io-2.6.jar:/Users/zl/.m2/repository/org/projectlombok/lombok/1.18.24/lombok-1.18.24.jar:/Users/zl/.m2/repository/org/springframework/spring-core/5.3.22/spring-core-5.3.22.jar:/Users/zl/.m2/repository/org/springframework/spring-jcl/5.3.22/spring-jcl-5.3.22.jar:/Applications/IntelliJ IDEA CE.app/Contents/lib/idea_rt.jar:/Users/zl/Library/Caches/JetBrains/IdeaIC2022.3/captureAgent/debugger-agent.jar
[2023-02-06 17:18:19.019] [org.apache.zookeeper.Environment] [main] [100] [INFO ] Client environment:java.library.path=/Users/zl/Library/Java/Extensions:/Library/Java/Extensions:/Network/Library/Java/Extensions:/System/Library/Java/Extensions:/usr/lib/java:.
[2023-02-06 17:18:19.019] [org.apache.zookeeper.Environment] [main] [100] [INFO ] Client environment:java.io.tmpdir=/var/folders/lx/2kgff8f537q9b48_pxgx0__80000gn/T/
[2023-02-06 17:18:19.019] [org.apache.zookeeper.Environment] [main] [100] [INFO ] Client environment:java.compiler=<NA>
[2023-02-06 17:18:19.019] [org.apache.zookeeper.Environment] [main] [100] [INFO ] Client environment:os.name=Mac OS X
[2023-02-06 17:18:19.019] [org.apache.zookeeper.Environment] [main] [100] [INFO ] Client environment:os.arch=x86_64
[2023-02-06 17:18:19.019] [org.apache.zookeeper.Environment] [main] [100] [INFO ] Client environment:os.version=10.16
[2023-02-06 17:18:19.019] [org.apache.zookeeper.Environment] [main] [100] [INFO ] Client environment:user.name=zl
[2023-02-06 17:18:19.019] [org.apache.zookeeper.Environment] [main] [100] [INFO ] Client environment:user.home=/Users/zl
[2023-02-06 17:18:19.019] [org.apache.zookeeper.Environment] [main] [100] [INFO ] Client environment:user.dir=/Users/zl/Documents/DEV/github/demo-dubbo3x
[2023-02-06 17:18:19.019] [org.apache.zookeeper.ZooKeeper] [main] [442] [INFO ] Initiating client connection, connectString=127.0.0.1:2181 sessionTimeout=60000 watcher=org.apache.curator.ConnectionState@4a070cf0
[2023-02-06 17:18:19.019] [org.apache.curator.framework.imps.CuratorFrameworkImpl] [main] [356] [INFO ] Default schema
[2023-02-06 17:18:19.019] [org.apache.zookeeper.ClientCnxn$SendThread] [main-SendThread(localhost:2181)] [1025] [INFO ] Opening socket connection to server localhost/127.0.0.1:2181. Will not attempt to authenticate using SASL (unknown error)
[2023-02-06 17:18:19.019] [org.apache.zookeeper.ClientCnxn$SendThread] [main-SendThread(localhost:2181)] [879] [INFO ] Socket connection established to localhost/127.0.0.1:2181, initiating session
[2023-02-06 17:18:19.019] [org.apache.zookeeper.ClientCnxn$SendThread] [main-SendThread(localhost:2181)] [1299] [INFO ] Session establishment complete on server localhost/127.0.0.1:2181, sessionid = 0x10001bb56af0012, negotiated timeout = 60000
[2023-02-06 17:18:19.019] [org.apache.curator.framework.state.ConnectionStateManager] [main-EventThread] [251] [INFO ] State change: CONNECTED
[2023-02-06 17:18:20.020] [org.apache.juli.logging.DirectJDKLog] [main] [173] [INFO ] Starting ProtocolHandler ["http-nio-auto-1"]
[2023-02-06 17:18:20.020] [org.apache.juli.logging.DirectJDKLog] [main] [173] [INFO ] Stopping ProtocolHandler ["http-nio-auto-1-53526"]
[2023-02-06 17:18:32.032] [org.apache.juli.logging.DirectJDKLog] [main] [173] [WARN ] The acceptor thread [http-nio-auto-1-Acceptor] did not stop cleanly
[2023-02-06 17:18:32.032] [org.apache.juli.logging.DirectJDKLog] [main] [175] [WARN ] Failed to close server socket for [http-nio-auto-1]
java.io.IOException: Unknown error: 316
	at sun.nio.ch.NativeThread.signal(Native Method)
	at sun.nio.ch.ServerSocketChannelImpl.implCloseSelectableChannel(ServerSocketChannelImpl.java:292)
	at java.nio.channels.spi.AbstractSelectableChannel.implCloseChannel(AbstractSelectableChannel.java:234)
	at java.nio.channels.spi.AbstractInterruptibleChannel.close(AbstractInterruptibleChannel.java:115)
	at org.apache.tomcat.util.net.NioEndpoint.doCloseServerSocket(NioEndpoint.java:399)
	at org.apache.tomcat.util.net.NioEndpoint.unbind(NioEndpoint.java:378)
	at org.apache.tomcat.util.net.AbstractEndpoint.stop(AbstractEndpoint.java:1357)
	at org.apache.coyote.AbstractProtocol.stop(AbstractProtocol.java:696)
	at org.springframework.boot.web.embedded.tomcat.TomcatWebServer.stopProtocolHandler(TomcatWebServer.java:294)
	at org.springframework.boot.web.embedded.tomcat.TomcatWebServer.addPreviouslyRemovedConnectors(TomcatWebServer.java:284)
	at org.springframework.boot.web.embedded.tomcat.TomcatWebServer.start(TomcatWebServer.java:213)
	at org.springframework.boot.web.servlet.context.WebServerStartStopLifecycle.start(WebServerStartStopLifecycle.java:43)
	at org.springframework.context.support.DefaultLifecycleProcessor.doStart(DefaultLifecycleProcessor.java:178)
	at org.springframework.context.support.DefaultLifecycleProcessor.access$200(DefaultLifecycleProcessor.java:54)
	at org.springframework.context.support.DefaultLifecycleProcessor$LifecycleGroup.start(DefaultLifecycleProcessor.java:356)
	at java.lang.Iterable.forEach(Iterable.java:75)
	at org.springframework.context.support.DefaultLifecycleProcessor.startBeans(DefaultLifecycleProcessor.java:155)
	at org.springframework.context.support.DefaultLifecycleProcessor.onRefresh(DefaultLifecycleProcessor.java:123)
	at org.springframework.context.support.AbstractApplicationContext.finishRefresh(AbstractApplicationContext.java:935)
	at org.springframework.context.support.AbstractApplicationContext.refresh(AbstractApplicationContext.java:586)
	at org.springframework.boot.web.servlet.context.ServletWebServerApplicationContext.refresh(ServletWebServerApplicationContext.java:145)
	at org.springframework.boot.SpringApplication.refresh(SpringApplication.java:745)
	at org.springframework.boot.SpringApplication.refreshContext(SpringApplication.java:420)
	at org.springframework.boot.SpringApplication.run(SpringApplication.java:307)
	at org.springframework.boot.SpringApplication.run(SpringApplication.java:1317)
	at org.springframework.boot.SpringApplication.run(SpringApplication.java:1306)
	at com.gbdmf.demo.dubbo3.xml.consumer.DubboXmlConsumerApplication.main(DubboXmlConsumerApplication.java:40)
[2023-02-06 17:18:32.032] [org.springframework.boot.web.embedded.tomcat.TomcatWebServer] [main] [220] [INFO ] Tomcat started on port(s): -1 (http) with context path ''
[2023-02-06 17:18:32.032] [org.apache.curator.framework.imps.CuratorFrameworkImpl] [main] [308] [INFO ] Starting
[2023-02-06 17:18:32.032] [org.apache.zookeeper.ZooKeeper] [main] [442] [INFO ] Initiating client connection, connectString=127.0.0.1:2181 sessionTimeout=60000 watcher=org.apache.curator.ConnectionState@7b79ff1c
[2023-02-06 17:18:32.032] [org.apache.curator.framework.imps.CuratorFrameworkImpl] [main] [356] [INFO ] Default schema
[2023-02-06 17:18:32.032] [org.apache.zookeeper.ClientCnxn$SendThread] [main-SendThread(localhost:2181)] [1025] [INFO ] Opening socket connection to server localhost/127.0.0.1:2181. Will not attempt to authenticate using SASL (unknown error)
[2023-02-06 17:18:32.032] [org.apache.zookeeper.ClientCnxn$SendThread] [main-SendThread(localhost:2181)] [879] [INFO ] Socket connection established to localhost/127.0.0.1:2181, initiating session
[2023-02-06 17:18:32.032] [org.apache.zookeeper.ClientCnxn$SendThread] [main-SendThread(localhost:2181)] [1299] [INFO ] Session establishment complete on server localhost/127.0.0.1:2181, sessionid = 0x10001bb56af0013, negotiated timeout = 60000
[2023-02-06 17:18:32.032] [org.apache.curator.framework.state.ConnectionStateManager] [main-EventThread] [251] [INFO ] State change: CONNECTED
[2023-02-06 17:18:50.050] [org.springframework.boot.StartupInfoLogger] [main] [61] [INFO ] Started DubboXmlConsumerApplication in 38.019 seconds (JVM running for 38.622)
